  appMenu.cpp
c:\users\arthur\desktop\gl_40_project\gl_40_project\appMenu.h(3): warning C4067: jetons inattendus après la directive du préprocesseur - saut de ligne attendu
c:\users\arthur\desktop\gl_40_project\gl_40_project\dataLoader.h(2): warning C4067: jetons inattendus après la directive du préprocesseur - saut de ligne attendu
c:\users\arthur\desktop\gl_40_project\gl_40_project\dataLoader.h(3): warning C4067: jetons inattendus après la directive du préprocesseur - saut de ligne attendu
c:\users\arthur\desktop\gl_40_project\gl_40_project\appMenu.h(253): error C2143: erreur de syntaxe : absence de ';' avant '}'
c:\users\arthur\desktop\gl_40_project\gl_40_project\appMenu.h(253): error C2182: 'app' : utilisation non conforme du type 'void'
c:\users\arthur\desktop\gl_40_project\gl_40_project\appMenu.h(207): error C2039: 'lb_GameName' : n'est pas membre de 'Gl_40_Project::appMenu'
  c:\users\arthur\desktop\gl_40_project\gl_40_project\appMenu.h(17): note: voir la déclaration de 'Gl_40_Project::appMenu'
c:\users\arthur\desktop\gl_40_project\gl_40_project\appMenu.h(207): error C2227: la partie gauche de '->Text' doit pointer vers un type class/struct/union/générique
c:\users\arthur\desktop\gl_40_project\gl_40_project\appMenu.h(208): error C2039: 'lb_Competences' : n'est pas membre de 'Gl_40_Project::appMenu'
  c:\users\arthur\desktop\gl_40_project\gl_40_project\appMenu.h(17): note: voir la déclaration de 'Gl_40_Project::appMenu'
c:\users\arthur\desktop\gl_40_project\gl_40_project\appMenu.h(208): error C2227: la partie gauche de '->Text' doit pointer vers un type class/struct/union/générique
c:\users\arthur\desktop\gl_40_project\gl_40_project\appMenu.h(209): error C2039: 'lb_Regles' : n'est pas membre de 'Gl_40_Project::appMenu'
  c:\users\arthur\desktop\gl_40_project\gl_40_project\appMenu.h(17): note: voir la déclaration de 'Gl_40_Project::appMenu'
c:\users\arthur\desktop\gl_40_project\gl_40_project\appMenu.h(209): error C2227: la partie gauche de '->Text' doit pointer vers un type class/struct/union/générique
c:\users\arthur\desktop\gl_40_project\gl_40_project\appMenu.h(227): error C2039: 'richTextBox1' : n'est pas membre de 'Gl_40_Project::appMenu'
  c:\users\arthur\desktop\gl_40_project\gl_40_project\appMenu.h(17): note: voir la déclaration de 'Gl_40_Project::appMenu'
c:\users\arthur\desktop\gl_40_project\gl_40_project\appMenu.h(227): error C2227: la partie gauche de '->Text' doit pointer vers un type class/struct/union/générique
c:\users\arthur\desktop\gl_40_project\gl_40_project\appMenu.h(227): error C2065: 'richTextBox1' : identificateur non déclaré
c:\users\arthur\desktop\gl_40_project\gl_40_project\appMenu.h(233): error C2065: 'richTextBox1' : identificateur non déclaré
c:\users\arthur\desktop\gl_40_project\gl_40_project\appMenu.h(233): error C2227: la partie gauche de '->Lines' doit pointer vers un type class/struct/union/générique
  c:\users\arthur\desktop\gl_40_project\gl_40_project\appMenu.h(233): note: le type est 'unknown-type'
c:\users\arthur\desktop\gl_40_project\gl_40_project\appMenu.h(236): error C2065: 'line' : identificateur non déclaré
